#
# There is insufficient memory for the Java Runtime Environment to continue.
# Native memory allocation (malloc) failed to allocate 51536 bytes for Chunk::new
# Possible reasons:
#   The system is out of physical RAM or swap space
#   The process is running with CompressedOops enabled, and the Java Heap may be blocking the growth of the native heap
# Possible solutions:
#   Reduce memory load on the system
#   Increase physical memory or swap space
#   Check if swap backing store is full
#   Decrease Java heap size (-Xmx/-Xms)
#   Decrease number of Java threads
#   Decrease Java thread stack sizes (-Xss)
#   Set larger code cache with -XX:ReservedCodeCacheSize=
#   JVM is running with Zero Based Compressed Oops mode in which the Java heap is
#     placed in the first 32GB address space. The Java Heap base address is the
#     maximum limit for the native heap growth. Please use -XX:HeapBaseMinAddress
#     to set the Java Heap base and to place the Java Heap above 32GB virtual address.
# This output file may be truncated or incomplete.
#
#  Out of Memory Error (arena.cpp:191), pid=10512, tid=20996
#
# JRE version: OpenJDK Runtime Environment JBR-17.0.10+1-1087.17-jcef (17.0.10+1) (build 17.0.10+1-b1087.17)
# Java VM: OpenJDK 64-Bit Server VM JBR-17.0.10+1-1087.17-jcef (17.0.10+1-b1087.17, mixed mode, tiered, compressed oops, compressed class ptrs, g1 gc, windows-amd64)
# No core dump will be written. Minidumps are not enabled by default on client versions of Windows
#

---------------  S U M M A R Y ------------

Command Line: git4idea.http.GitAskPassApp Password for 'https://merzp23@github.com': 

Host: AMD Ryzen 7 5800H with Radeon Graphics         , 16 cores, 15G,  Windows 11 , 64 bit Build 22621 (10.0.22621.3235)
Time: Tue Mar 26 23:58:24 2024 SE Asia Standard Time elapsed time: 0.394628 seconds (0d 0h 0m 0s)

---------------  T H R E A D  ---------------

Current thread (0x0000021fb3cae250):  JavaThread "main" [_thread_in_vm, id=20996, stack(0x000000d82e400000,0x000000d82e500000)]

Stack: [0x000000d82e400000,0x000000d82e500000]
Native frames: (J=compiled Java code, j=interpreted, Vv=VM code, C=native code)
V  [jvm.dll+0x688ac9]
V  [jvm.dll+0x84220a]
V  [jvm.dll+0x843e4e]
V  [jvm.dll+0x8444b3]
V  [jvm.dll+0x24ba8f]
V  [jvm.dll+0xac524]
V  [jvm.dll+0xacb6c]
V  [jvm.dll+0x1f6dba]
V  [jvm.dll+0x1f58c2]
V  [jvm.dll+0x7ba9bb]
V  [jvm.dll+0x7bbe2c]
V  [jvm.dll+0x41d105]
C  [java.dll+0x1a55]

Java frames: (J=compiled Java code, j=interpreted, Vv=VM code)
j  java.lang.ClassLoader.findBootstrapClass(Ljava/lang/String;)Ljava/lang/Class;+0 java.base@17.0.10
j  java.lang.ClassLoader.findBootstrapClassOrNull(Ljava/lang/String;)Ljava/lang/Class;+10 java.base@17.0.10
j  java.lang.System$2.findBootstrapClassOrNull(Ljava/lang/String;)Ljava/lang/Class;+1 java.base@17.0.10
j  jdk.internal.loader.ClassLoaders$BootClassLoader.loadClassOrNull(Ljava/lang/String;Z)Ljava/lang/Class;+4 java.base@17.0.10
j  jdk.internal.loader.BuiltinClassLoader.loadClassOrNull(Ljava/lang/String;)Ljava/lang/Class;+3 java.base@17.0.10
j  jdk.internal.loader.BuiltinClassLoader.loadClassOrNull(Ljava/lang/String;Z)Ljava/lang/Class;+66 java.base@17.0.10
j  jdk.internal.loader.BuiltinClassLoader.loadClass(Ljava/lang/String;Z)Ljava/lang/Class;+3 java.base@17.0.10
j  java.lang.ClassLoader.loadClass(Ljava/lang/String;)Ljava/lang/Class;+3 java.base@17.0.10
v  ~StubRoutines::call_stub
j  jdk.internal.net.http.common.Utils.<clinit>()V+277 java.net.http@17.0.10
v  ~StubRoutines::call_stub
j  jdk.internal.net.http.HttpClientImpl.<clinit>()V+16 java.net.http@17.0.10
v  ~StubRoutines::call_stub
j  jdk.internal.net.http.HttpClientBuilderImpl.build()Ljava/net/http/HttpClient;+1 java.net.http@17.0.10
j  externalApp.ExternalAppUtil.sendIdeRequest(Ljava/lang/String;ILjava/lang/String;Ljava/lang/String;)LexternalApp/ExternalAppUtil$Result;+77
j  git4idea.http.GitAskPassApp.main([Ljava/lang/String;)V+37
v  ~StubRoutines::call_stub

---------------  P R O C E S S  ---------------

Threads class SMR info:
_java_thread_list=0x0000021fd7210010, length=13, elements={
0x0000021fb3cae250, 0x0000021fd7067100, 0x0000021fd7067d80, 0x0000021fd70b6d10,
0x0000021fd70b86e0, 0x0000021fd70b90a0, 0x0000021fd70b9a60, 0x0000021fd70d0010,
0x0000021fd70d8930, 0x0000021fd70dc260, 0x0000021fd7225a60, 0x0000021fd722dfb0,
0x0000021fd7242010
}

Java Threads: ( => current thread )
=>0x0000021fb3cae250 JavaThread "main" [_thread_in_vm, id=20996, stack(0x000000d82e400000,0x000000d82e500000)]
  0x0000021fd7067100 JavaThread "Reference Handler" daemon [_thread_blocked, id=5604, stack(0x000000d82eb00000,0x000000d82ec00000)]
  0x0000021fd7067d80 JavaThread "Finalizer" daemon [_thread_blocked, id=5384, stack(0x000000d82ec00000,0x000000d82ed00000)]
  0x0000021fd70b6d10 JavaThread "Signal Dispatcher" daemon [_thread_blocked, id=20364, stack(0x000000d82ed00000,0x000000d82ee00000)]
  0x0000021fd70b86e0 JavaThread "Attach Listener" daemon [_thread_blocked, id=15936, stack(0x000000d82ee00000,0x000000d82ef00000)]
  0x0000021fd70b90a0 JavaThread "Service Thread" daemon [_thread_blocked, id=12940, stack(0x000000d82ef00000,0x000000d82f000000)]
  0x0000021fd70b9a60 JavaThread "Monitor Deflation Thread" daemon [_thread_blocked, id=9300, stack(0x000000d82f000000,0x000000d82f100000)]
  0x0000021fd70d0010 JavaThread "C2 CompilerThread0" daemon [_thread_blocked, id=13788, stack(0x000000d82f100000,0x000000d82f200000)]
  0x0000021fd70d8930 JavaThread "C1 CompilerThread0" daemon [_thread_blocked, id=18952, stack(0x000000d82f200000,0x000000d82f300000)]
  0x0000021fd70dc260 JavaThread "Sweeper thread" daemon [_thread_blocked, id=2320, stack(0x000000d82f300000,0x000000d82f400000)]
  0x0000021fd7225a60 JavaThread "C1 CompilerThread1" daemon [_thread_blocked, id=9400, stack(0x000000d82f400000,0x000000d82f500000)]
  0x0000021fd722dfb0 JavaThread "Notification Thread" daemon [_thread_blocked, id=12088, stack(0x000000d82f500000,0x000000d82f600000)]
  0x0000021fd7242010 JavaThread "Common-Cleaner" daemon [_thread_blocked, id=21048, stack(0x000000d82f700000,0x000000d82f800000)]

Other Threads:
  0x0000021fd70634d0 VMThread "VM Thread" [stack: 0x000000d82ea00000,0x000000d82eb00000] [id=14660]
  0x0000021fd2d92420 WatcherThread [stack: 0x000000d82f600000,0x000000d82f700000] [id=5760]
  0x0000021fb3d182b0 GCTaskThread "GC Thread#0" [stack: 0x000000d82e500000,0x000000d82e600000] [id=19404]
  0x0000021fb3d287d0 ConcurrentGCThread "G1 Main Marker" [stack: 0x000000d82e600000,0x000000d82e700000] [id=3688]
  0x0000021fb3d29990 ConcurrentGCThread "G1 Conc#0" [stack: 0x000000d82e700000,0x000000d82e800000] [id=4984]
  0x0000021fd2c599f0 ConcurrentGCThread "G1 Refine#0" [stack: 0x000000d82e800000,0x000000d82e900000] [id=5376]
  0x0000021fd2c5a320 ConcurrentGCThread "G1 Service" [stack: 0x000000d82e900000,0x000000d82ea00000] [id=11356]

Threads with active compile tasks:

VM state: not at safepoint (normal execution)

VM Mutex/Monitor currently owned by a thread: None

Heap address: 0x000000070a200000, size: 3934 MB, Compressed Oops mode: Zero based, Oop shift amount: 3

CDS archive(s) not mapped
Compressed class space mapped at: 0x0000000800000000-0x0000000840000000, reserved size: 1073741824
Narrow klass base: 0x0000000800000000, Narrow klass shift: 0, Narrow klass range: 0x40000000

GC Precious Log:
 CPUs: 16 total, 16 available
 Memory: 15734M
 Large Page Support: Disabled
 NUMA Support: Disabled
 Compressed Oops: Enabled (Zero based)
 Heap Region Size: 2M
 Heap Min Capacity: 8M
 Heap Initial Capacity: 246M
 Heap Max Capacity: 3934M
 Pre-touch: Disabled
 Parallel Workers: 13
 Concurrent Workers: 3
 Concurrent Refinement Workers: 13
 Periodic GC: Disabled

Heap:
 garbage-first heap   total 251904K, used 4096K [0x000000070a200000, 0x0000000800000000)
  region size 2048K, 3 young (6144K), 0 survivors (0K)
 Metaspace       used 10211K, committed 10368K, reserved 1114112K
  class space    used 964K, committed 1024K, reserved 1048576K

Heap Regions: E=young(eden), S=young(survivor), O=old, HS=humongous(starts), HC=humongous(continues), CS=collection set, F=free, OA=open archive, CA=closed archive, TAMS=top-at-mark-start (previous, next)
|   0|0x000000070a200000, 0x000000070a200000, 0x000000070a400000|  0%| F|  |TAMS 0x000000070a200000, 0x000000070a200000| Untracked 
|   1|0x000000070a400000, 0x000000070a400000, 0x000000070a600000|  0%| F|  |TAMS 0x000000070a400000, 0x000000070a400000| Untracked 
|   2|0x000000070a600000, 0x000000070a600000, 0x000000070a800000|  0%| F|  |TAMS 0x000000070a600000, 0x000000070a600000| Untracked 
|   3|0x000000070a800000, 0x000000070a800000, 0x000000070aa00000|  0%| F|  |TAMS 0x000000070a800000, 0x000000070a800000| Untracked 
|   4|0x000000070aa00000, 0x000000070aa00000, 0x000000070ac00000|  0%| F|  |TAMS 0x000000070aa00000, 0x000000070aa00000| Untracked 
|   5|0x000000070ac00000, 0x000000070ac00000, 0x000000070ae00000|  0%| F|  |TAMS 0x000000070ac00000, 0x000000070ac00000| Untracked 
|   6|0x000000070ae00000, 0x000000070ae00000, 0x000000070b000000|  0%| F|  |TAMS 0x000000070ae00000, 0x000000070ae00000| Untracked 
|   7|0x000000070b000000, 0x000000070b000000, 0x000000070b200000|  0%| F|  |TAMS 0x000000070b000000, 0x000000070b000000| Untracked 
|   8|0x000000070b200000, 0x000000070b200000, 0x000000070b400000|  0%| F|  |TAMS 0x000000070b200000, 0x000000070b200000| Untracked 
|   9|0x000000070b400000, 0x000000070b400000, 0x000000070b600000|  0%| F|  |TAMS 0x000000070b400000, 0x000000070b400000| Untracked 
|  10|0x000000070b600000, 0x000000070b600000, 0x000000070b800000|  0%| F|  |TAMS 0x000000070b600000, 0x000000070b600000| Untracked 
|  11|0x000000070b800000, 0x000000070b800000, 0x000000070ba00000|  0%| F|  |TAMS 0x000000070b800000, 0x000000070b800000| Untracked 
|  12|0x000000070ba00000, 0x000000070ba00000, 0x000000070bc00000|  0%| F|  |TAMS 0x000000070ba00000, 0x000000070ba00000| Untracked 
|  13|0x000000070bc00000, 0x000000070bc00000, 0x000000070be00000|  0%| F|  |TAMS 0x000000070bc00000, 0x000000070bc00000| Untracked 
|  14|0x000000070be00000, 0x000000070be00000, 0x000000070c000000|  0%| F|  |TAMS 0x000000070be00000, 0x000000070be00000| Untracked 
|  15|0x000000070c000000, 0x000000070c000000, 0x000000070c200000|  0%| F|  |TAMS 0x000000070c000000, 0x000000070c000000| Untracked 
|  16|0x000000070c200000, 0x000000070c200000, 0x000000070c400000|  0%| F|  |TAMS 0x000000070c200000, 0x000000070c200000| Untracked 
|  17|0x000000070c400000, 0x000000070c400000, 0x000000070c600000|  0%| F|  |TAMS 0x000000070c400000, 0x000000070c400000| Untracked 
|  18|0x000000070c600000, 0x000000070c600000, 0x000000070c800000|  0%| F|  |TAMS 0x000000070c600000, 0x000000070c600000| Untracked 
|  19|0x000000070c800000, 0x000000070c800000, 0x000000070ca00000|  0%| F|  |TAMS 0x000000070c800000, 0x000000070c800000| Untracked 
|  20|0x000000070ca00000, 0x000000070ca00000, 0x000000070cc00000|  0%| F|  |TAMS 0x000000070ca00000, 0x000000070ca00000| Untracked 
|  21|0x000000070cc00000, 0x000000070cc00000, 0x000000070ce00000|  0%| F|  |TAMS 0x000000070cc00000, 0x000000070cc00000| Untracked 
|  22|0x000000070ce00000, 0x000000070ce00000, 0x000000070d000000|  0%| F|  |TAMS 0x000000070ce00000, 0x000000070ce00000| Untracked 
|  23|0x000000070d000000, 0x000000070d000000, 0x000000070d200000|  0%| F|  |TAMS 0x000000070d000000, 0x000000070d000000| Untracked 
|  24|0x000000070d200000, 0x000000070d200000, 0x000000070d400000|  0%| F|  |TAMS 0x000000070d200000, 0x000000070d200000| Untracked 
|  25|0x000000070d400000, 0x000000070d400000, 0x000000070d600000|  0%| F|  |TAMS 0x000000070d400000, 0x000000070d400000| Untracked 
|  26|0x000000070d600000, 0x000000070d600000, 0x000000070d800000|  0%| F|  |TAMS 0x000000070d600000, 0x000000070d600000| Untracked 
|  27|0x000000070d800000, 0x000000070d800000, 0x000000070da00000|  0%| F|  |TAMS 0x000000070d800000, 0x000000070d800000| Untracked 
|  28|0x000000070da00000, 0x000000070da00000, 0x000000070dc00000|  0%| F|  |TAMS 0x000000070da00000, 0x000000070da00000| Untracked 
|  29|0x000000070dc00000, 0x000000070dc00000, 0x000000070de00000|  0%| F|  |TAMS 0x000000070dc00000, 0x000000070dc00000| Untracked 
|  30|0x000000070de00000, 0x000000070de00000, 0x000000070e000000|  0%| F|  |TAMS 0x000000070de00000, 0x000000070de00000| Untracked 
|  31|0x000000070e000000, 0x000000070e000000, 0x000000070e200000|  0%| F|  |TAMS 0x000000070e000000, 0x000000070e000000| Untracked 
|  32|0x000000070e200000, 0x000000070e200000, 0x000000070e400000|  0%| F|  |TAMS 0x000000070e200000, 0x000000070e200000| Untracked 
|  33|0x000000070e400000, 0x000000070e400000, 0x000000070e600000|  0%| F|  |TAMS 0x000000070e400000, 0x000000070e400000| Untracked 
|  34|0x000000070e600000, 0x000000070e600000, 0x000000070e800000|  0%| F|  |TAMS 0x000000070e600000, 0x000000070e600000| Untracked 
|  35|0x000000070e800000, 0x000000070e800000, 0x000000070ea00000|  0%| F|  |TAMS 0x000000070e800000, 0x000000070e800000| Untracked 
|  36|0x000000070ea00000, 0x000000070ea00000, 0x000000070ec00000|  0%| F|  |TAMS 0x000000070ea00000, 0x000000070ea00000| Untracked 
|  37|0x000000070ec00000, 0x000000070ec00000, 0x000000070ee00000|  0%| F|  |TAMS 0x000000070ec00000, 0x000000070ec00000| Untracked 
|  38|0x000000070ee00000, 0x000000070ee00000, 0x000000070f000000|  0%| F|  |TAMS 0x000000070ee00000, 0x000000070ee00000| Untracked 
|  39|0x000000070f000000, 0x000000070f000000, 0x000000070f200000|  0%| F|  |TAMS 0x000000070f000000, 0x000000070f000000| Untracked 
|  40|0x000000070f200000, 0x000000070f200000, 0x000000070f400000|  0%| F|  |TAMS 0x000000070f200000, 0x000000070f200000| Untracked 
|  41|0x000000070f400000, 0x000000070f400000, 0x000000070f600000|  0%| F|  |TAMS 0x000000070f400000, 0x000000070f400000| Untracked 
|  42|0x000000070f600000, 0x000000070f600000, 0x000000070f800000|  0%| F|  |TAMS 0x000000070f600000, 0x000000070f600000| Untracked 
|  43|0x000000070f800000, 0x000000070f800000, 0x000000070fa00000|  0%| F|  |TAMS 0x000000070f800000, 0x000000070f800000| Untracked 
|  44|0x000000070fa00000, 0x000000070fa00000, 0x000000070fc00000|  0%| F|  |TAMS 0x000000070fa00000, 0x000000070fa00000| Untracked 
|  45|0x000000070fc00000, 0x000000070fc00000, 0x000000070fe00000|  0%| F|  |TAMS 0x000000070fc00000, 0x000000070fc00000| Untracked 
|  46|0x000000070fe00000, 0x000000070fe00000, 0x0000000710000000|  0%| F|  |TAMS 0x000000070fe00000, 0x000000070fe00000| Untracked 
|  47|0x0000000710000000, 0x0000000710000000, 0x0000000710200000|  0%| F|  |TAMS 0x0000000710000000, 0x0000000710000000| Untracked 
|  48|0x0000000710200000, 0x0000000710200000, 0x0000000710400000|  0%| F|  |TAMS 0x0000000710200000, 0x0000000710200000| Untracked 
|  49|0x0000000710400000, 0x0000000710400000, 0x0000000710600000|  0%| F|  |TAMS 0x0000000710400000, 0x0000000710400000| Untracked 
|  50|0x0000000710600000, 0x0000000710600000, 0x0000000710800000|  0%| F|  |TAMS 0x0000000710600000, 0x0000000710600000| Untracked 
|  51|0x0000000710800000, 0x0000000710800000, 0x0000000710a00000|  0%| F|  |TAMS 0x0000000710800000, 0x0000000710800000| Untracked 
|  52|0x0000000710a00000, 0x0000000710a00000, 0x0000000710c00000|  0%| F|  |TAMS 0x0000000710a00000, 0x0000000710a00000| Untracked 
|  53|0x0000000710c00000, 0x0000000710c00000, 0x0000000710e00000|  0%| F|  |TAMS 0x0000000710c00000, 0x0000000710c00000| Untracked 
|  54|0x0000000710e00000, 0x0000000710e00000, 0x0000000711000000|  0%| F|  |TAMS 0x0000000710e00000, 0x0000000710e00000| Untracked 
|  55|0x0000000711000000, 0x0000000711000000, 0x0000000711200000|  0%| F|  |TAMS 0x0000000711000000, 0x0000000711000000| Untracked 
|  56|0x0000000711200000, 0x0000000711200000, 0x0000000711400000|  0%| F|  |TAMS 0x0000000711200000, 0x0000000711200000| Untracked 
|  57|0x0000000711400000, 0x0000000711400000, 0x0000000711600000|  0%| F|  |TAMS 0x0000000711400000, 0x0000000711400000| Untracked 
|  58|0x0000000711600000, 0x0000000711600000, 0x0000000711800000|  0%| F|  |TAMS 0x0000000711600000, 0x0000000711600000| Untracked 
|  59|0x0000000711800000, 0x0000000711800000, 0x0000000711a00000|  0%| F|  |TAMS 0x0000000711800000, 0x0000000711800000| Untracked 
|  60|0x0000000711a00000, 0x0000000711a00000, 0x0000000711c00000|  0%| F|  |TAMS 0x0000000711a00000, 0x0000000711a00000| Untracked 
|  61|0x0000000711c00000, 0x0000000711c00000, 0x0000000711e00000|  0%| F|  |TAMS 0x0000000711c00000, 0x0000000711c00000| Untracked 
|  62|0x0000000711e00000, 0x0000000711e00000, 0x0000000712000000|  0%| F|  |TAMS 0x0000000711e00000, 0x0000000711e00000| Untracked 
|  63|0x0000000712000000, 0x0000000712000000, 0x0000000712200000|  0%| F|  |TAMS 0x0000000712000000, 0x0000000712000000| Untracked 
|  64|0x0000000712200000, 0x0000000712200000, 0x0000000712400000|  0%| F|  |TAMS 0x0000000712200000, 0x0000000712200000| Untracked 
|  65|0x0000000712400000, 0x0000000712400000, 0x0000000712600000|  0%| F|  |TAMS 0x0000000712400000, 0x0000000712400000| Untracked 
|  66|0x0000000712600000, 0x0000000712600000, 0x0000000712800000|  0%| F|  |TAMS 0x0000000712600000, 0x0000000712600000| Untracked 
|  67|0x0000000712800000, 0x0000000712800000, 0x0000000712a00000|  0%| F|  |TAMS 0x0000000712800000, 0x0000000712800000| Untracked 
|  68|0x0000000712a00000, 0x0000000712a00000, 0x0000000712c00000|  0%| F|  |TAMS 0x0000000712a00000, 0x0000000712a00000| Untracked 
|  69|0x0000000712c00000, 0x0000000712c00000, 0x0000000712e00000|  0%| F|  |TAMS 0x0000000712c00000, 0x0000000712c00000| Untracked 
|  70|0x0000000712e00000, 0x0000000712e00000, 0x0000000713000000|  0%| F|  |TAMS 0x0000000712e00000, 0x0000000712e00000| Untracked 
|  71|0x0000000713000000, 0x0000000713000000, 0x0000000713200000|  0%| F|  |TAMS 0x0000000713000000, 0x0000000713000000| Untracked 
|  72|0x0000000713200000, 0x0000000713200000, 0x0000000713400000|  0%| F|  |TAMS 0x0000000713200000, 0x0000000713200000| Untracked 
|  73|0x0000000713400000, 0x0000000713400000, 0x0000000713600000|  0%| F|  |TAMS 0x0000000713400000, 0x0000000713400000| Untracked 
|  74|0x0000000713600000, 0x0000000713600000, 0x0000000713800000|  0%| F|  |TAMS 0x0000000713600000, 0x0000000713600000| Untracked 
|  75|0x0000000713800000, 0x0000000713800000, 0x0000000713a00000|  0%| F|  |TAMS 0x0000000713800000, 0x0000000713800000| Untracked 
|  76|0x0000000713a00000, 0x0000000713a00000, 0x0000000713c00000|  0%| F|  |TAMS 0x0000000713a00000, 0x0000000713a00000| Untracked 
|  77|0x0000000713c00000, 0x0000000713c00000, 0x0000000713e00000|  0%| F|  |TAMS 0x0000000713c00000, 0x0000000713c00000| Untracked 
|  78|0x0000000713e00000, 0x0000000713e00000, 0x0000000714000000|  0%| F|  |TAMS 0x0000000713e00000, 0x0000000713e00000| Untracked 
|  79|0x0000000714000000, 0x0000000714000000, 0x0000000714200000|  0%| F|  |TAMS 0x0000000714000000, 0x0000000714000000| Untracked 
|  80|0x0000000714200000, 0x0000000714200000, 0x0000000714400000|  0%| F|  |TAMS 0x0000000714200000, 0x0000000714200000| Untracked 
|  81|0x0000000714400000, 0x0000000714400000, 0x0000000714600000|  0%| F|  |TAMS 0x0000000714400000, 0x0000000714400000| Untracked 
|  82|0x0000000714600000, 0x0000000714600000, 0x0000000714800000|  0%| F|  |TAMS 0x0000000714600000, 0x0000000714600000| Untracked 
|  83|0x0000000714800000, 0x0000000714800000, 0x0000000714a00000|  0%| F|  |TAMS 0x0000000714800000, 0x0000000714800000| Untracked 
|  84|0x0000000714a00000, 0x0000000714a00000, 0x0000000714c00000|  0%| F|  |TAMS 0x0000000714a00000, 0x0000000714a00000| Untracked 
|  85|0x0000000714c00000, 0x0000000714c00000, 0x0000000714e00000|  0%| F|  |TAMS 0x0000000714c00000, 0x0000000714c00000| Untracked 
|  86|0x0000000714e00000, 0x0000000714e00000, 0x0000000715000000|  0%| F|  |TAMS 0x0000000714e00000, 0x0000000714e00000| Untracked 
|  87|0x0000000715000000, 0x0000000715000000, 0x0000000715200000|  0%| F|  |TAMS 0x0000000715000000, 0x0000000715000000| Untracked 
|  88|0x0000000715200000, 0x0000000715200000, 0x0000000715400000|  0%| F|  |TAMS 0x0000000715200000, 0x0000000715200000| Untracked 
|  89|0x0000000715400000, 0x0000000715400000, 0x0000000715600000|  0%| F|  |TAMS 0x0000000715400000, 0x0000000715400000| Untracked 
|  90|0x0000000715600000, 0x0000000715600000, 0x0000000715800000|  0%| F|  |TAMS 0x0000000715600000, 0x0000000715600000| Untracked 
|  91|0x0000000715800000, 0x0000000715800000, 0x0000000715a00000|  0%| F|  |TAMS 0x0000000715800000, 0x0000000715800000| Untracked 
|  92|0x0000000715a00000, 0x0000000715a00000, 0x0000000715c00000|  0%| F|  |TAMS 0x0000000715a00000, 0x0000000715a00000| Untracked 
|  93|0x0000000715c00000, 0x0000000715c00000, 0x0000000715e00000|  0%| F|  |TAMS 0x0000000715c00000, 0x0000000715c00000| Untracked 
|  94|0x0000000715e00000, 0x0000000715e00000, 0x0000000716000000|  0%| F|  |TAMS 0x0000000715e00000, 0x0000000715e00000| Untracked 
|  95|0x0000000716000000, 0x0000000716000000, 0x0000000716200000|  0%| F|  |TAMS 0x0000000716000000, 0x0000000716000000| Untracked 
|  96|0x0000000716200000, 0x0000000716200000, 0x0000000716400000|  0%| F|  |TAMS 0x0000000716200000, 0x0000000716200000| Untracked 
|  97|0x0000000716400000, 0x0000000716400000, 0x0000000716600000|  0%| F|  |TAMS 0x0000000716400000, 0x0000000716400000| Untracked 
|  98|0x0000000716600000, 0x0000000716600000, 0x0000000716800000|  0%| F|  |TAMS 0x0000000716600000, 0x0000000716600000| Untracked 
|  99|0x0000000716800000, 0x0000000716800000, 0x0000000716a00000|  0%| F|  |TAMS 0x0000000716800000, 0x0000000716800000| Untracked 
| 100|0x0000000716a00000, 0x0000000716a00000, 0x0000000716c00000|  0%| F|  |TAMS 0x0000000716a00000, 0x0000000716a00000| Untracked 
| 101|0x0000000716c00000, 0x0000000716c00000, 0x0000000716e00000|  0%| F|  |TAMS 0x0000000716c00000, 0x0000000716c00000| Untracked 
| 102|0x0000000716e00000, 0x0000000716e00000, 0x0000000717000000|  0%| F|  |TAMS 0x0000000716e00000, 0x0000000716e00000| Untracked 
| 103|0x0000000717000000, 0x0000000717000000, 0x0000000717200000|  0%| F|  |TAMS 0x0000000717000000, 0x0000000717000000| Untracked 
| 104|0x0000000717200000, 0x0000000717200000, 0x0000000717400000|  0%| F|  |TAMS 0x0000000717200000, 0x0000000717200000| Untracked 
| 105|0x0000000717400000, 0x0000000717400000, 0x0000000717600000|  0%| F|  |TAMS 0x0000000717400000, 0x0000000717400000| Untracked 
| 106|0x0000000717600000, 0x0000000717600000, 0x0000000717800000|  0%| F|  |TAMS 0x0000000717600000, 0x0000000717600000| Untracked 
| 107|0x0000000717800000, 0x0000000717800000, 0x0000000717a00000|  0%| F|  |TAMS 0x0000000717800000, 0x0000000717800000| Untracked 
| 108|0x0000000717a00000, 0x0000000717a00000, 0x0000000717c00000|  0%| F|  |TAMS 0x0000000717a00000, 0x0000000717a00000| Untracked 
| 109|0x0000000717c00000, 0x0000000717c00000, 0x0000000717e00000|  0%| F|  |TAMS 0x0000000717c00000, 0x0000000717c00000| Untracked 
| 110|0x0000000717e00000, 0x0000000717e00000, 0x0000000718000000|  0%| F|  |TAMS 0x0000000717e00000, 0x0000000717e00000| Untracked 
| 111|0x0000000718000000, 0x0000000718000000, 0x0000000718200000|  0%| F|  |TAMS 0x0000000718000000, 0x0000000718000000| Untracked 
| 112|0x0000000718200000, 0x0000000718200000, 0x0000000718400000|  0%| F|  |TAMS 0x0000000718200000, 0x0000000718200000| Untracked 
| 113|0x0000000718400000, 0x0000000718400000, 0x0000000718600000|  0%| F|  |TAMS 0x0000000718400000, 0x0000000718400000| Untracked 
| 114|0x0000000718600000, 0x0000000718600000, 0x0000000718800000|  0%| F|  |TAMS 0x0000000718600000, 0x0000000718600000| Untracked 
| 115|0x0000000718800000, 0x0000000718800000, 0x0000000718a00000|  0%| F|  |TAMS 0x0000000718800000, 0x0000000718800000| Untracked 
| 116|0x0000000718a00000, 0x0000000718a00000, 0x0000000718c00000|  0%| F|  |TAMS 0x0000000718a00000, 0x0000000718a00000| Untracked 
| 117|0x0000000718c00000, 0x0000000718c00000, 0x0000000718e00000|  0%| F|  |TAMS 0x0000000718c00000, 0x0000000718c00000| Untracked 
| 118|0x0000000718e00000, 0x0000000718e00000, 0x0000000719000000|  0%| F|  |TAMS 0x0000000718e00000, 0x0000000718e00000| Untracked 
| 119|0x0000000719000000, 0x0000000719000000, 0x0000000719200000|  0%| F|  |TAMS 0x0000000719000000, 0x0000000719000000| Untracked 
| 120|0x0000000719200000, 0x00000007193da300, 0x0000000719400000| 92%| E|  |TAMS 0x0000000719200000, 0x0000000719200000| Complete 
| 121|0x0000000719400000, 0x0000000719600000, 0x0000000719600000|100%| E|CS|TAMS 0x0000000719400000, 0x0000000719400000| Complete 
| 122|0x0000000719600000, 0x0000000719800000, 0x0000000719800000|100%| E|CS|TAMS 0x0000000719600000, 0x0000000719600000| Complete 

Card table byte_map: [0x0000021fc7450000,0x0000021fc7c00000] _byte_map_base: 0x0000021fc3bff000

Marking Bits (Prev, Next): (CMBitMap*) 0x0000021fb3d188d0, (CMBitMap*) 0x0000021fb3d18910
 Prev Bits: [0x0000021fc83b0000, 0x0000021fcc128000)
 Next Bits: [0x0000021fcc130000, 0x0000021fcfea8000)

Polling page: 0x0000021fb1c20000

Metaspace:

Usage:
  Non-class:      9.03 MB used.
      Class:    964.80 KB used.
       Both:      9.97 MB used.

Virtual space:
  Non-class space:       64.00 MB reserved,       9.12 MB ( 14%) committed,  1 nodes.
      Class space:        1.00 GB reserved,       1.00 MB ( <1%) committed,  1 nodes.
             Both:        1.06 GB reserved,      10.12 MB ( <1%) committed. 

Chunk freelists:
   Non-Class:  6.84 MB
       Class:  15.01 MB
        Both:  21.85 MB

MaxMetaspaceSize: unlimited
CompressedClassSpaceSize: 1.00 GB
Initial GC threshold: 21.00 MB
Current GC threshold: 21.00 MB
CDS: off
MetaspaceReclaimPolicy: balanced
 - commit_granule_bytes: 65536.
 - commit_granule_words: 8192.
 - virtual_space_node_default_size: 8388608.
 - enlarge_chunks_in_place: 1.
 - new_chunks_are_fully_committed: 0.
 - uncommit_free_chunks: 1.
 - use_allocation_guard: 0.
 - handle_deallocations: 1.


Internal statistics:

num_allocs_failed_limit: 0.
num_arena_births: 40.
num_arena_deaths: 0.
num_vsnodes_births: 2.
num_vsnodes_deaths: 0.
num_space_committed: 162.
num_space_uncommitted: 0.
num_chunks_returned_to_freelist: 0.
num_chunks_taken_from_freelist: 80.
num_chunk_merges: 0.
num_chunk_splits: 45.
num_chunks_enlarged: 29.
num_inconsistent_stats: 0.

CodeHeap 'non-profiled nmethods': size=119168Kb used=140Kb max_used=140Kb free=119027Kb
 bounds [0x0000021fbefc0000, 0x0000021fbf230000, 0x0000021fc6420000]
CodeHeap 'profiled nmethods': size=119104Kb used=865Kb max_used=865Kb free=118238Kb
 bounds [0x0000021fb7420000, 0x0000021fb7690000, 0x0000021fbe870000]
CodeHeap 'non-nmethods': size=7488Kb used=1705Kb max_used=1720Kb free=5782Kb
 bounds [0x0000021fbe870000, 0x0000021fbeae0000, 0x0000021fbefc0000]
 total_blobs=960 nmethods=529 adapters=343
 compilation: enabled
              stopped_count=0, restarted_count=0
 full_count=0

Compilation events (20 events):
Event: 0.389 Thread 0x0000021fd70d8930 nmethod 514 0x0000021fb74ed290 code [0x0000021fb74ed420, 0x0000021fb74ed538]
Event: 0.390 Thread 0x0000021fd70d8930  517       3       java.lang.invoke.MemberName::isStatic (8 bytes)
Event: 0.390 Thread 0x0000021fd70d8930 nmethod 517 0x0000021fb74ed610 code [0x0000021fb74ed7a0, 0x0000021fb74ed978]
Event: 0.390 Thread 0x0000021fd70d8930  518       3       jdk.internal.org.objectweb.asm.Handler::getExceptionTableLength (21 bytes)
Event: 0.390 Thread 0x0000021fd70d8930 nmethod 518 0x0000021fb74eda10 code [0x0000021fb74edba0, 0x0000021fb74edd58]
Event: 0.390 Thread 0x0000021fd70d8930  519       3       java.lang.invoke.MemberName::getMethodOrFieldType (72 bytes)
Event: 0.391 Thread 0x0000021fd7225a60 nmethod 515% 0x0000021fb74ede90 code [0x0000021fb74ee280, 0x0000021fb74f1278]
Event: 0.391 Thread 0x0000021fd7225a60  520       3       java.lang.reflect.Modifier::isPublic (12 bytes)
Event: 0.391 Thread 0x0000021fd70d8930 nmethod 519 0x0000021fb74f2110 code [0x0000021fb74f2440, 0x0000021fb74f3328]
Event: 0.391 Thread 0x0000021fd70d8930  522       3       java.lang.reflect.Modifier::isProtected (12 bytes)
Event: 0.391 Thread 0x0000021fd7225a60 nmethod 520 0x0000021fb74f3890 code [0x0000021fb74f3a20, 0x0000021fb74f3b78]
Event: 0.391 Thread 0x0000021fd70d8930 nmethod 522 0x0000021fb74f3c10 code [0x0000021fb74f3da0, 0x0000021fb74f3ef8]
Event: 0.391 Thread 0x0000021fd70d0010  524       4       jdk.internal.org.objectweb.asm.ByteVector::putUTF8 (144 bytes)
Event: 0.391 Thread 0x0000021fd7225a60  525       1       jdk.internal.org.objectweb.asm.SymbolTable::getMajorVersion (5 bytes)
Event: 0.391 Thread 0x0000021fd7225a60 nmethod 525 0x0000021fbefe2310 code [0x0000021fbefe24a0, 0x0000021fbefe2578]
Event: 0.392 Thread 0x0000021fd7225a60  526       3       java.util.Arrays::equals (57 bytes)
Event: 0.392 Thread 0x0000021fd70d8930  528       3       jdk.internal.org.objectweb.asm.MethodWriter::visitVarInsn (302 bytes)
Event: 0.392 Thread 0x0000021fd7225a60 nmethod 526 0x0000021fb74f3f90 code [0x0000021fb74f4180, 0x0000021fb74f4768]
Event: 0.392 Thread 0x0000021fd7225a60  529       3       jdk.internal.org.objectweb.asm.Type::getArgumentsAndReturnSizes (140 bytes)
Event: 0.392 Thread 0x0000021fd70d8930 nmethod 528 0x0000021fb74f4910 code [0x0000021fb74f4b60, 0x0000021fb74f5508]

GC Heap History (0 events):
No events

Dll operation events (1 events):
Event: 0.007 Loaded shared library C:\Program Files\JetBrains\WebStorm 2023.3.4\jbr\bin\java.dll

Deoptimization events (2 events):
Event: 0.376 Thread 0x0000021fb3cae250 DEOPT PACKING pc=0x0000021fb745d4ad sp=0x000000d82e4fdaa0
Event: 0.376 Thread 0x0000021fb3cae250 DEOPT UNPACKING pc=0x0000021fbe8c7143 sp=0x000000d82e4fcf38 mode 0

Classes unloaded (0 events):
No events

Classes redefined (0 events):
No events

Internal exceptions (15 events):
Event: 0.284 Thread 0x0000021fb3cae250 Exception <a 'sun/nio/fs/WindowsException'{0x0000000719574948}> (0x0000000719574948) 
thrown [s\src\hotspot\share\prims\jni.cpp, line 517]
Event: 0.308 Thread 0x0000021fb3cae250 Exception <a 'java/lang/NoSuchMethodError'{0x000000071959fcf0}: 'int java.lang.invoke.DirectMethodHandle$Holder.invokeStaticInit(java.lang.Object, java.lang.Object, java.lang.Object, java.lang.Object)'> (0x000000071959fcf0) 
thrown [s\src\hotspot\share\interpreter\linkResolver.cpp, line 771]
Event: 0.310 Thread 0x0000021fb3cae250 Exception <a 'java/lang/NoSuchMethodError'{0x00000007195aa950}: 'java.lang.Object java.lang.invoke.DirectMethodHandle$Holder.invokeInterface(java.lang.Object, java.lang.Object)'> (0x00000007195aa950) 
thrown [s\src\hotspot\share\interpreter\linkResolver.cpp, line 771]
Event: 0.310 Thread 0x0000021fb3cae250 Exception <a 'java/lang/IncompatibleClassChangeError'{0x00000007195ae270}: Found class java.lang.Object, but interface was expected> (0x00000007195ae270) 
thrown [s\src\hotspot\share\interpreter\linkResolver.cpp, line 838]
Event: 0.311 Thread 0x0000021fb3cae250 Exception <a 'java/lang/NoSuchMethodError'{0x00000007195b1620}: 'void java.lang.invoke.DirectMethodHandle$Holder.invokeStatic(java.lang.Object, java.lang.Object)'> (0x00000007195b1620) 
thrown [s\src\hotspot\share\interpreter\linkResolver.cpp, line 771]
Event: 0.311 Thread 0x0000021fb3cae250 Exception <a 'java/lang/NoSuchMethodError'{0x00000007195b4f38}: 'void java.lang.invoke.DirectMethodHandle$Holder.invokeStaticInit(java.lang.Object, java.lang.Object)'> (0x00000007195b4f38) 
thrown [s\src\hotspot\share\interpreter\linkResolver.cpp, line 771]
Event: 0.313 Thread 0x0000021fb3cae250 Exception <a 'java/lang/NoSuchMethodError'{0x00000007195bb9f0}: 'int java.lang.invoke.DirectMethodHandle$Holder.invokeStaticInit(java.lang.Object, java.lang.Object)'> (0x00000007195bb9f0) 
thrown [s\src\hotspot\share\interpreter\linkResolver.cpp, line 771]
Event: 0.350 Thread 0x0000021fb3cae250 Exception <a 'java/lang/NoSuchMethodError'{0x00000007192a2580}: 'java.lang.Object java.lang.invoke.DirectMethodHandle$Holder.invokeStaticInit(java.lang.Object, int, int, int, int)'> (0x00000007192a2580) 
thrown [s\src\hotspot\share\interpreter\linkResolver.cpp, line 771]
Event: 0.378 Thread 0x0000021fb3cae250 Exception <a 'java/lang/NoSuchMethodError'{0x0000000719302198}: 'java.lang.Object java.lang.invoke.DirectMethodHandle$Holder.invokeStaticInit(java.lang.Object, java.lang.Object, int, int, int, int)'> (0x0000000719302198) 
thrown [s\src\hotspot\share\interpreter\linkResolver.cpp, line 771]
Event: 0.386 Thread 0x0000021fb3cae250 Exception <a 'java/lang/NoSuchMethodError'{0x000000071936b550}: 'java.lang.Object java.lang.invoke.DirectMethodHandle$Holder.invokeStatic(java.lang.Object, java.lang.Object, int)'> (0x000000071936b550) 
thrown [s\src\hotspot\share\interpreter\linkResolver.cpp, line 771]
Event: 0.386 Thread 0x0000021fb3cae250 Exception <a 'java/lang/NoSuchMethodError'{0x000000071936ecc8}: 'java.lang.Object java.lang.invoke.DirectMethodHandle$Holder.invokeStaticInit(java.lang.Object, java.lang.Object, int)'> (0x000000071936ecc8) 
thrown [s\src\hotspot\share\interpreter\linkResolver.cpp, line 771]
Event: 0.387 Thread 0x0000021fb3cae250 Exception <a 'java/lang/NoSuchMethodError'{0x0000000719375078}: 'java.lang.Object java.lang.invoke.DirectMethodHandle$Holder.newInvokeSpecial(java.lang.Object, java.lang.Object, int)'> (0x0000000719375078) 
thrown [s\src\hotspot\share\interpreter\linkResolver.cpp, line 771]
Event: 0.389 Thread 0x0000021fb3cae250 Exception <a 'java/lang/NoSuchMethodError'{0x0000000719384788}: 'int java.lang.invoke.DirectMethodHandle$Holder.invokeStaticInit(java.lang.Object, java.lang.Object, java.lang.Object)'> (0x0000000719384788) 
thrown [s\src\hotspot\share\interpreter\linkResolver.cpp, line 771]
Event: 0.391 Thread 0x0000021fb3cae250 Exception <a 'java/lang/NoSuchMethodError'{0x0000000719394968}: 'int java.lang.invoke.DirectMethodHandle$Holder.invokeSpecial(java.lang.Object, java.lang.Object, java.lang.Object)'> (0x0000000719394968) 
thrown [s\src\hotspot\share\interpreter\linkResolver.cpp, line 771]
Event: 0.392 Thread 0x0000021fb3cae250 Exception <a 'java/lang/NoSuchMethodError'{0x000000071939cd48}: 'int java.lang.invoke.DirectMethodHandle$Holder.invokeSpecialIFC(java.lang.Object, java.lang.Object, java.lang.Object)'> (0x000000071939cd48) 
thrown [s\src\hotspot\share\interpreter\linkResolver.cpp, line 771]

VM Operations (6 events):
Event: 0.160 Executing VM operation: HandshakeAllThreads
Event: 0.161 Executing VM operation: HandshakeAllThreads done
Event: 0.181 Executing VM operation: HandshakeAllThreads
Event: 0.181 Executing VM operation: HandshakeAllThreads done
Event: 0.360 Executing VM operation: HandshakeAllThreads
Event: 0.360 Executing VM operation: HandshakeAllThreads done

Events (20 events):
Event: 0.383 loading class java/net/SocketException
Event: 0.383 loading class java/net/SocketException done
Event: 0.383 loading class java/net/ConnectException done
Event: 0.384 loading class javax/net/ssl/SSLHandshakeException
Event: 0.384 loading class javax/net/ssl/SSLException
Event: 0.384 loading class javax/net/ssl/SSLException done
Event: 0.384 loading class javax/net/ssl/SSLHandshakeException done
Event: 0.385 loading class java/nio/charset/CharacterCodingException
Event: 0.385 loading class java/nio/charset/CharacterCodingException done
Event: 0.385 loading class java/lang/System$Logger
Event: 0.385 loading class java/lang/System$Logger done
Event: 0.386 loading class javax/net/ssl/SSLSession
Event: 0.386 loading class javax/net/ssl/SSLSession done
Event: 0.388 loading class sun/net/NetProperties
Event: 0.388 loading class sun/net/NetProperties done
Event: 0.388 loading class sun/net/NetProperties$1
Event: 0.388 loading class sun/net/NetProperties$1 done
Event: 0.389 loading class java/util/function/BiPredicate
Event: 0.389 loading class java/util/function/BiPredicate done
Event: 0.393 loading class java/util/stream/Collectors


Dynamic libraries:
0x00007ff76a420000 - 0x00007ff76a42a000 	C:\Program Files\JetBrains\WebStorm 2023.3.4\jbr\bin\java.exe
0x00007ffbc45b0000 - 0x00007ffbc47c6000 	C:\Windows\SYSTEM32\ntdll.dll
0x00007ffbc2460000 - 0x00007ffbc2524000 	C:\Windows\System32\KERNEL32.DLL
0x00007ffbc1f50000 - 0x00007ffbc22f6000 	C:\Windows\System32\KERNELBASE.dll
0x00007ffbc1c20000 - 0x00007ffbc1d31000 	C:\Windows\System32\ucrtbase.dll
0x00007ffba3f60000 - 0x00007ffba3f77000 	C:\Program Files\JetBrains\WebStorm 2023.3.4\jbr\bin\jli.dll
0x00007ffbc2630000 - 0x00007ffbc27dd000 	C:\Windows\System32\USER32.dll
0x00007ffbc18f0000 - 0x00007ffbc1916000 	C:\Windows\System32\win32u.dll
0x00007ffba8650000 - 0x00007ffba88e3000 	C:\Windows\WinSxS\amd64_microsoft.windows.common-controls_6595b64144ccf1df_6.0.22621.3235_none_270f74e173860f98\COMCTL32.dll
0x00007ffbc2530000 - 0x00007ffbc2559000 	C:\Windows\System32\GDI32.dll
0x00007ffbc2580000 - 0x00007ffbc2627000 	C:\Windows\System32\msvcrt.dll
0x00007ffba0360000 - 0x00007ffba037b000 	C:\Program Files\JetBrains\WebStorm 2023.3.4\jbr\bin\VCRUNTIME140.dll
0x00007ffbc1920000 - 0x00007ffbc1a38000 	C:\Windows\System32\gdi32full.dll
0x00007ffbc1b00000 - 0x00007ffbc1b9a000 	C:\Windows\System32\msvcp_win.dll
0x00007ffbc3740000 - 0x00007ffbc3771000 	C:\Windows\System32\IMM32.DLL
0x00007ffbab1d0000 - 0x00007ffbab1dc000 	C:\Program Files\JetBrains\WebStorm 2023.3.4\jbr\bin\vcruntime140_1.dll
0x00007ffb882f0000 - 0x00007ffb8837d000 	C:\Program Files\JetBrains\WebStorm 2023.3.4\jbr\bin\msvcp140.dll
0x00007ffb84f10000 - 0x00007ffb85b93000 	C:\Program Files\JetBrains\WebStorm 2023.3.4\jbr\bin\server\jvm.dll
0x00007ffbc28c0000 - 0x00007ffbc2972000 	C:\Windows\System32\ADVAPI32.dll
0x00007ffbc3af0000 - 0x00007ffbc3b98000 	C:\Windows\System32\sechost.dll
0x00007ffbc1d40000 - 0x00007ffbc1d68000 	C:\Windows\System32\bcrypt.dll
0x00007ffbc2a10000 - 0x00007ffbc2b25000 	C:\Windows\System32\RPCRT4.dll
0x00007ffbbdb00000 - 0x00007ffbbdb09000 	C:\Windows\SYSTEM32\WSOCK32.dll
0x00007ffbc0740000 - 0x00007ffbc078d000 	C:\Windows\SYSTEM32\POWRPROF.dll
0x00007ffbbf1c0000 - 0x00007ffbbf1f4000 	C:\Windows\SYSTEM32\WINMM.dll
0x00007ffbc2990000 - 0x00007ffbc2a01000 	C:\Windows\System32\WS2_32.dll
0x00007ffbb8ba0000 - 0x00007ffbb8baa000 	C:\Windows\SYSTEM32\VERSION.dll
0x00007ffbc0720000 - 0x00007ffbc0733000 	C:\Windows\SYSTEM32\UMPDC.dll
0x00007ffbc09e0000 - 0x00007ffbc09f8000 	C:\Windows\SYSTEM32\kernel.appcore.dll
0x00007ffbbaa10000 - 0x00007ffbbaa1a000 	C:\Program Files\JetBrains\WebStorm 2023.3.4\jbr\bin\jimage.dll
0x00007ffbbef40000 - 0x00007ffbbf173000 	C:\Windows\SYSTEM32\DBGHELP.DLL
0x00007ffbc33a0000 - 0x00007ffbc3728000 	C:\Windows\System32\combase.dll
0x00007ffbc27e0000 - 0x00007ffbc28b7000 	C:\Windows\System32\OLEAUT32.dll
0x00007ffbbf180000 - 0x00007ffbbf1b2000 	C:\Windows\SYSTEM32\dbgcore.DLL
0x00007ffbc1ba0000 - 0x00007ffbc1c1a000 	C:\Windows\System32\bcryptPrimitives.dll
0x00007ffbafdd0000 - 0x00007ffbafdf5000 	C:\Program Files\JetBrains\WebStorm 2023.3.4\jbr\bin\java.dll
0x00007ffbb9d80000 - 0x00007ffbb9d98000 	C:\Program Files\JetBrains\WebStorm 2023.3.4\jbr\bin\zip.dll
0x00007ffbc2b30000 - 0x00007ffbc338d000 	C:\Windows\System32\SHELL32.dll
0x00007ffbbf810000 - 0x00007ffbc0108000 	C:\Windows\SYSTEM32\windows.storage.dll
0x00007ffbbf6d0000 - 0x00007ffbbf80e000 	C:\Windows\SYSTEM32\wintypes.dll
0x00007ffbc2300000 - 0x00007ffbc23f3000 	C:\Windows\System32\SHCORE.dll
0x00007ffbc3f60000 - 0x00007ffbc3fbe000 	C:\Windows\System32\shlwapi.dll
0x00007ffbc1820000 - 0x00007ffbc1846000 	C:\Windows\SYSTEM32\profapi.dll
0x00007ffbac0d0000 - 0x00007ffbac0e9000 	C:\Program Files\JetBrains\WebStorm 2023.3.4\jbr\bin\net.dll
0x00007ffbbb420000 - 0x00007ffbbb557000 	C:\Windows\SYSTEM32\WINHTTP.dll
0x00007ffbc0e60000 - 0x00007ffbc0ec9000 	C:\Windows\system32\mswsock.dll
0x00007ffbac0b0000 - 0x00007ffbac0c6000 	C:\Program Files\JetBrains\WebStorm 2023.3.4\jbr\bin\nio.dll
0x00007ffbba6d0000 - 0x00007ffbba6de000 	C:\Program Files\JetBrains\WebStorm 2023.3.4\jbr\bin\sunmscapi.dll
0x00007ffbc1d70000 - 0x00007ffbc1ed6000 	C:\Windows\System32\CRYPT32.dll
0x00007ffbc12b0000 - 0x00007ffbc12de000 	C:\Windows\SYSTEM32\ncrypt.dll
0x00007ffbc1270000 - 0x00007ffbc12a7000 	C:\Windows\SYSTEM32\NTASN1.dll
0x00007ffbc1090000 - 0x00007ffbc10ab000 	C:\Windows\SYSTEM32\CRYPTSP.dll
0x00007ffbc0940000 - 0x00007ffbc0975000 	C:\Windows\system32\rsaenh.dll
0x00007ffbc0f20000 - 0x00007ffbc0f4c000 	C:\Windows\SYSTEM32\USERENV.dll
0x00007ffbc1080000 - 0x00007ffbc108c000 	C:\Windows\SYSTEM32\CRYPTBASE.dll
0x00007ffbc03e0000 - 0x00007ffbc040d000 	C:\Windows\SYSTEM32\IPHLPAPI.DLL
0x00007ffbc3730000 - 0x00007ffbc3739000 	C:\Windows\System32\NSI.dll
0x00007ffbba040000 - 0x00007ffbba059000 	C:\Windows\SYSTEM32\dhcpcsvc6.DLL
0x00007ffbb9da0000 - 0x00007ffbb9dbf000 	C:\Windows\SYSTEM32\dhcpcsvc.DLL
0x00007ffbc0450000 - 0x00007ffbc0549000 	C:\Windows\SYSTEM32\DNSAPI.dll

dbghelp: loaded successfully - version: 4.0.5 - missing functions: none
symbol engine: initialized successfully - sym options: 0x614 - pdb path: .;C:\Program Files\JetBrains\WebStorm 2023.3.4\jbr\bin;C:\Windows\SYSTEM32;C:\Windows\WinSxS\amd64_microsoft.windows.common-controls_6595b64144ccf1df_6.0.22621.3235_none_270f74e173860f98;C:\Program Files\JetBrains\WebStorm 2023.3.4\jbr\bin\server

VM Arguments:
java_command: git4idea.http.GitAskPassApp Password for 'https://merzp23@github.com': 
java_class_path (initial): C:/Program Files/JetBrains/WebStorm 2023.3.4/plugins/vcs-git/lib/git4idea-rt.jar;C:/Program Files/JetBrains/WebStorm 2023.3.4/lib/externalProcess-rt.jar
Launcher Type: SUN_STANDARD

[Global flags]
     intx CICompilerCount                          = 12                                        {product} {ergonomic}
     uint ConcGCThreads                            = 3                                         {product} {ergonomic}
     uint G1ConcRefinementThreads                  = 13                                        {product} {ergonomic}
   size_t G1HeapRegionSize                         = 2097152                                   {product} {ergonomic}
    uintx GCDrainStackTargetSize                   = 64                                        {product} {ergonomic}
   size_t InitialHeapSize                          = 257949696                                 {product} {ergonomic}
   size_t MarkStackSize                            = 4194304                                   {product} {ergonomic}
   size_t MaxHeapSize                              = 4125097984                                {product} {ergonomic}
   size_t MaxNewSize                               = 2474639360                                {product} {ergonomic}
   size_t MinHeapDeltaBytes                        = 2097152                                   {product} {ergonomic}
   size_t MinHeapSize                              = 8388608                                   {product} {ergonomic}
    uintx NonNMethodCodeHeapSize                   = 7602480                                {pd product} {ergonomic}
    uintx NonProfiledCodeHeapSize                  = 122027880                              {pd product} {ergonomic}
    uintx ProfiledCodeHeapSize                     = 122027880                              {pd product} {ergonomic}
    uintx ReservedCodeCacheSize                    = 251658240                              {pd product} {ergonomic}
     bool SegmentedCodeCache                       = true                                      {product} {ergonomic}
   size_t SoftMaxHeapSize                          = 4125097984                             {manageable} {ergonomic}
     bool UseCompressedClassPointers               = true                           {product lp64_product} {ergonomic}
     bool UseCompressedOops                        = true                           {product lp64_product} {ergonomic}
     bool UseG1GC                                  = true                                      {product} {ergonomic}
     bool UseLargePagesIndividualAllocation        = false                                  {pd product} {ergonomic}

Logging:
Log output configuration:
 #0: stdout all=warning uptime,level,tags
 #1: stderr all=off uptime,level,tags

Environment Variables:
PATH=C:\Program Files\Git\mingw64\libexec\git-core;C:\Program Files\Git\mingw64\libexec\git-core;C:\Program Files\Git\mingw64\bin;C:\Program Files\Git\usr\bin;C:\Users\Phuc\bin;D:\oracle\bin;C:\Users\Phuc\Desktop\WINDOWS.X64_193000_db_home\bin;C:\Program Files\Microsoft MPI\Bin;C:\Program Files (x86)\Common Files\Oracle\Java\javapath;C:\Windows\system32;C:\Windows;C:\Windows\System32\Wbem;C:\Windows\System32\WindowsPowerShell\v1.0;C:\Windows\System32\OpenSSH;C:\Program Files\dotnet;C:\ProgramData\chocolatey\bin;C:\Program Files\Git\cmd;C:\sqlite;C:\Program Files\Cloudflare\Cloudflare WARP;C:\Program Files (x86)\Microsoft SQL Server\160\DTS\Binn;C:\Program Files\Azure Data Studio\bin;C:\Program Files (x86)\Microsoft SQL Server\160\Tools\Binn;C:\Program Files\Microsoft SQL Server\160\Tools\Binn;C:\Program Files\Microsoft SQL Server\Client SDK\ODBC\170\Tools\Binn;C:\Program Files\Microsoft SQL Server\160\DTS\Binn;C:\Program Files\Calibre2;C:\Users\Phuc\AppData\Local\Programs\Python\Launcher;C:\Users\Phuc\AppData\Local\Microsoft\WindowsApps;C:\Users\Phuc\AppData\Local\Programs\Microsoft VS Code\bin;C:\Program Files\JetBrains\IntelliJ IDEA 2023.2.1\bin;C:\Program Files\JetBrains\PyCharm 2023.3.2\bin;D:\CLion 2023.3.3\bin;C:\Program Files\JetBrains\WebStorm 2023.3.4\bin;C:\Program Files\Azure Data Studio\bin
USERNAME=Phuc
DISPLAY=:0.0
LC_ALL=en_US.UTF-8
TERM=xterm-256color
TMPDIR=C:\Users\Phuc\AppData\Local\Temp
OS=Windows_NT
PROCESSOR_IDENTIFIER=AMD64 Family 25 Model 80 Stepping 0, AuthenticAMD
TMP=C:\Users\Phuc\AppData\Local\Temp
TEMP=C:\Users\Phuc\AppData\Local\Temp



Periodic native trim disabled

JNI global refs:
JNI global refs: 26, weak refs: 0

JNI global refs memory usage: 843, weak refs: 209

OOME stack traces (most recent first):
Classloader memory used:
Loader bootstrap                                                                       : 1240K
Loader jdk.internal.loader.ClassLoaders$PlatformClassLoader                            : 35148B
Loader jdk.internal.loader.ClassLoaders$AppClassLoader                                 : 1808B


---------------  S Y S T E M  ---------------

OS:
 Windows 11 , 64 bit Build 22621 (10.0.22621.3235)
OS uptime: 0 days 4:23 hours
Hyper-V role detected

CPU: total 16 (initial active 16) (16 cores per cpu, 2 threads per core) family 25 model 80 stepping 0 microcode 0x0, cx8, cmov, fxsr, ht, mmx, 3dnowpref, sse, sse2, sse3, ssse3, sse4a, sse4.1, sse4.2, popcnt, lzcnt, tsc, tscinvbit, avx, avx2, aes, erms, clmul, bmi1, bmi2, adx, sha, fma, vzeroupper, clflush, clflushopt, hv
Processor Information for all 16 processors :
  Max Mhz: 3201, Current Mhz: 3201, Mhz Limit: 3201

Memory: 4k page, system-wide physical 15734M (1501M free)
TotalPageFile size 15734M (AvailPageFile size 19M)
current process WorkingSet (physical memory assigned to process): 50M, peak: 50M
current process commit charge ("private bytes"): 346M, peak: 347M

vm_info: OpenJDK 64-Bit Server VM (17.0.10+1-b1087.17) for windows-amd64 JRE (17.0.10+1-b1087.17), built on 2024-01-19 by "builduser" with MS VC++ 16.10 / 16.11 (VS2019)

END.
